<?xml version="1.0" encoding="UTF-8"?>
<testng-results ignored="0" total="1" passed="1" failed="0" skipped="0">
  <reporter-output>
  </reporter-output>
  <suite started-at="2024-06-01T18:37:08 IST" name="Default suite" finished-at="2024-06-01T18:37:20 IST" duration-ms="11839">
    <groups>
    </groups>
    <test started-at="2024-06-01T18:37:08 IST" name="Default test" finished-at="2024-06-01T18:37:20 IST" duration-ms="11839">
      <class name="TestUtilities.TC_01_test">
        <test-method signature="test()[pri:0, instance:TestUtilities.TC_01_test@4b8ee4de]" started-at="2024-06-01T18:37:08 IST" name="test" finished-at="2024-06-01T18:37:20 IST" duration-ms="11807" status="PASS">
          <reporter-output>
          </reporter-output>
        </test-method> <!-- test -->
      </class> <!-- TestUtilities.TC_01_test -->
    </test> <!-- Default test -->
  </suite> <!-- Default suite -->
</testng-results>
